Apr-17 17:22:46.619 [main] DEBUG nextflow.cli.Launcher - $> nextflow run main.nf
Apr-17 17:22:46.751 [main] DEBUG nextflow.cli.CmdRun - N E X T F L O W  ~  version 25.10.4
Apr-17 17:22:46.822 [main] DEBUG nextflow.plugin.PluginsFacade - Setting up plugin manager > mode=prod; embedded=false; plugins-dir=/home/priyanka/.nextflow/plugins; core-plugins: nf-amazon@3.4.4,nf-azure@1.20.2,nf-cloudcache@0.5.0,nf-codecommit@0.5.0,nf-console@1.3.0,nf-google@1.23.5,nf-k8s@1.2.2,nf-tower@1.17.5,nf-wave@1.16.1
Apr-17 17:22:46.871 [main] INFO  o.pf4j.DefaultPluginStatusProvider - Enabled plugins: []
Apr-17 17:22:46.875 [main] INFO  o.pf4j.DefaultPluginStatusProvider - Disabled plugins: []
Apr-17 17:22:46.880 [main] INFO  org.pf4j.DefaultPluginManager - PF4J version 3.12.0 in 'deployment' mode
Apr-17 17:22:46.907 [main] DEBUG nextflow.util.RetryConfig - Missing nextflow session - using default retry config
Apr-17 17:22:47.232 [main] INFO  org.pf4j.AbstractPluginManager - No plugins
Apr-17 17:22:47.333 [main] DEBUG nextflow.plugin.PluginsFacade - Plugins default=[]
Apr-17 17:22:47.335 [main] DEBUG nextflow.plugin.PluginsFacade - Plugins resolved requirement=[]
Apr-17 17:22:47.372 [main] DEBUG n.secret.LocalSecretsProvider - Secrets store: /home/priyanka/.nextflow/secrets/store.json
Apr-17 17:22:47.390 [main] DEBUG nextflow.secret.SecretsLoader - Discovered secrets providers: [nextflow.secret.LocalSecretsProvider@1a35993f] - activable => nextflow.secret.LocalSecretsProvider@1a35993f
Apr-17 17:22:47.433 [main] DEBUG nextflow.cli.CmdRun - Applied DSL=2 from script declaration
Apr-17 17:22:47.467 [main] DEBUG nextflow.cli.CmdRun - Launching `main.nf` [shrivelled_goodall] DSL2 - revision: f888698975
Apr-17 17:22:47.608 [main] DEBUG nextflow.Session - Session UUID: 0cd96195-4bb5-437f-99c8-b99541c03908
Apr-17 17:22:47.609 [main] DEBUG nextflow.Session - Run name: shrivelled_goodall
Apr-17 17:22:47.610 [main] DEBUG nextflow.Session - Executor pool size: 4
Apr-17 17:22:47.622 [main] DEBUG nextflow.file.FilePorter - File porter settings maxRetries=3; maxTransfers=50; pollTimeout=null
Apr-17 17:22:47.630 [main] DEBUG nextflow.util.ThreadPoolBuilder - Creating thread pool 'FileTransfer' minSize=10; maxSize=12; workQueue=LinkedBlockingQueue[-1]; allowCoreThreadTimeout=false
Apr-17 17:22:47.678 [main] DEBUG nextflow.cli.CmdRun - 
  Version: 25.10.4 build 11173
  Created: 10-02-2026 15:17 UTC (20:47 IDT)
  System: Linux 6.6.87.2-microsoft-standard-WSL2
  Runtime: Groovy 4.0.28 on OpenJDK 64-Bit Server VM 17.0.18+8-Ubuntu-122.04.1
  Encoding: UTF-8 (UTF-8)
  Process: 3162@PRIYANKA-LAPTOP [127.0.1.1]
  CPUs: 4 - Mem: 7.6 GB (6.8 GB) - Swap: 8 GB (8 GB)
Apr-17 17:22:47.771 [main] DEBUG nextflow.Session - Work-dir: /mnt/c/GeneDuplicationAnalysis/InputFiles/work [v9fs]
Apr-17 17:22:47.773 [main] DEBUG nextflow.Session - Script base path does not exist or is not a directory: /mnt/c/GeneDuplicationAnalysis/InputFiles/bin
Apr-17 17:22:47.797 [main] DEBUG nextflow.executor.ExecutorFactory - Extension executors providers=[]
Apr-17 17:22:47.813 [main] DEBUG nextflow.Session - Observer factory (v2): LinObserverFactory
Apr-17 17:22:47.822 [main] DEBUG nextflow.Session - Observer factory (v2): DefaultObserverFactory
Apr-17 17:22:47.893 [main] DEBUG nextflow.cache.CacheFactory - Using Nextflow cache factory: nextflow.cache.DefaultCacheFactory
Apr-17 17:22:47.912 [main] DEBUG nextflow.util.CustomThreadPool - Creating default thread pool > poolSize: 5; maxThreads: 1000
Apr-17 17:22:48.134 [main] DEBUG nextflow.Session - Session start
Apr-17 17:22:48.747 [main] DEBUG nextflow.script.ScriptRunner - > Launching execution
Apr-17 17:22:48.801 [main] DEBUG nextflow.script.ScriptRunner - Parsed script files:
  Script_22bb2bba7e49d71f: /mnt/c/GeneDuplicationAnalysis/InputFiles/main.nf
Apr-17 17:22:48.803 [main] DEBUG nextflow.Session - Session aborted -- Cause: Can't find a matching module file for include: ./modules/filter_blast.nf
Apr-17 17:22:48.831 [main] DEBUG n.trace.WorkflowStatsObserver - Workflow completed > WorkflowStats[succeededCount=0; failedCount=0; ignoredCount=0; cachedCount=0; pendingCount=0; submittedCount=0; runningCount=0; retriesCount=0; abortedCount=0; succeedDuration=0ms; failedDuration=0ms; cachedDuration=0ms;loadCpus=0; loadMemory=0; peakRunning=0; peakCpus=0; peakMemory=0; ]
Apr-17 17:22:48.964 [main] ERROR nextflow.cli.Launcher - Can't find a matching module file for include: ./modules/filter_blast.nf
java.nio.file.NoSuchFileException: Can't find a matching module file for include: ./modules/filter_blast.nf
	at nextflow.script.IncludeDef.realModulePath(IncludeDef.groovy:208)
	at nextflow.script.IncludeDef.load0(IncludeDef.groovy:109)
	at org.codehaus.groovy.vmplugin.v8.IndyInterface.fromCache(IndyInterface.java:321)
	at Script_22bb2bba7e49d71f.runScript(Script_22bb2bba7e49d71f:11)
	at nextflow.script.BaseScript.run0(BaseScript.groovy:218)
	at nextflow.script.BaseScript.run(BaseScript.groovy:260)
	at nextflow.script.parser.v1.ScriptLoaderV1.runScript(ScriptLoaderV1.groovy:246)
	at nextflow.script.parser.v1.ScriptLoaderV1.runScript(ScriptLoaderV1.groovy)
	at nextflow.script.ScriptRunner.run(ScriptRunner.groovy:246)
	at nextflow.script.ScriptRunner.execute(ScriptRunner.groovy:139)
	at nextflow.cli.CmdRun.run(CmdRun.groovy:429)
	at nextflow.cli.Launcher.run(Launcher.groovy:515)
	at nextflow.cli.Launcher.main(Launcher.groovy:675)
