Apr-17 19:37:02.567 [main] DEBUG nextflow.cli.Launcher - $> nextflow run main.nf
Apr-17 19:37:02.809 [main] DEBUG nextflow.cli.CmdRun - N E X T F L O W  ~  version 25.10.4
Apr-17 19:37:02.836 [main] DEBUG nextflow.plugin.PluginsFacade - Setting up plugin manager > mode=prod; embedded=false; plugins-dir=/home/priyanka/.nextflow/plugins; core-plugins: nf-amazon@3.4.4,nf-azure@1.20.2,nf-cloudcache@0.5.0,nf-codecommit@0.5.0,nf-console@1.3.0,nf-google@1.23.5,nf-k8s@1.2.2,nf-tower@1.17.5,nf-wave@1.16.1
Apr-17 19:37:02.871 [main] INFO  o.pf4j.DefaultPluginStatusProvider - Enabled plugins: []
Apr-17 19:37:02.875 [main] INFO  o.pf4j.DefaultPluginStatusProvider - Disabled plugins: []
Apr-17 19:37:02.880 [main] INFO  org.pf4j.DefaultPluginManager - PF4J version 3.12.0 in 'deployment' mode
Apr-17 19:37:02.903 [main] DEBUG nextflow.util.RetryConfig - Missing nextflow session - using default retry config
Apr-17 19:37:03.076 [main] INFO  org.pf4j.AbstractPluginManager - No plugins
Apr-17 19:37:03.153 [main] DEBUG nextflow.plugin.PluginsFacade - Plugins default=[]
Apr-17 19:37:03.154 [main] DEBUG nextflow.plugin.PluginsFacade - Plugins resolved requirement=[]
Apr-17 19:37:03.175 [main] DEBUG n.secret.LocalSecretsProvider - Secrets store: /home/priyanka/.nextflow/secrets/store.json
Apr-17 19:37:03.192 [main] DEBUG nextflow.secret.SecretsLoader - Discovered secrets providers: [nextflow.secret.LocalSecretsProvider@40368a46] - activable => nextflow.secret.LocalSecretsProvider@40368a46
Apr-17 19:37:03.231 [main] DEBUG nextflow.cli.CmdRun - Applied DSL=2 from script declaration
Apr-17 19:37:03.254 [main] DEBUG nextflow.cli.CmdRun - Launching `main.nf` [determined_wiles] DSL2 - revision: 12adb5cdb0
Apr-17 19:37:03.369 [main] DEBUG nextflow.Session - Session UUID: 981a0dfa-a549-454f-931e-d9bbbcbec38b
Apr-17 19:37:03.370 [main] DEBUG nextflow.Session - Run name: determined_wiles
Apr-17 19:37:03.371 [main] DEBUG nextflow.Session - Executor pool size: 4
Apr-17 19:37:03.382 [main] DEBUG nextflow.file.FilePorter - File porter settings maxRetries=3; maxTransfers=50; pollTimeout=null
Apr-17 19:37:03.394 [main] DEBUG nextflow.util.ThreadPoolBuilder - Creating thread pool 'FileTransfer' minSize=10; maxSize=12; workQueue=LinkedBlockingQueue[-1]; allowCoreThreadTimeout=false
Apr-17 19:37:03.426 [main] DEBUG nextflow.cli.CmdRun - 
  Version: 25.10.4 build 11173
  Created: 10-02-2026 15:17 UTC (20:47 IDT)
  System: Linux 6.6.87.2-microsoft-standard-WSL2
  Runtime: Groovy 4.0.28 on OpenJDK 64-Bit Server VM 17.0.18+8-Ubuntu-122.04.1
  Encoding: UTF-8 (UTF-8)
  Process: 4342@PRIYANKA-LAPTOP [127.0.1.1]
  CPUs: 4 - Mem: 7.6 GB (6.8 GB) - Swap: 8 GB (8 GB)
Apr-17 19:37:03.491 [main] DEBUG nextflow.Session - Work-dir: /mnt/c/GeneDuplicationAnalysis/work [v9fs]
Apr-17 19:37:03.495 [main] DEBUG nextflow.Session - Script base path does not exist or is not a directory: /mnt/c/GeneDuplicationAnalysis/bin
Apr-17 19:37:03.507 [main] DEBUG nextflow.executor.ExecutorFactory - Extension executors providers=[]
Apr-17 19:37:03.526 [main] DEBUG nextflow.Session - Observer factory (v2): LinObserverFactory
Apr-17 19:37:03.532 [main] DEBUG nextflow.Session - Observer factory (v2): DefaultObserverFactory
Apr-17 19:37:03.590 [main] DEBUG nextflow.cache.CacheFactory - Using Nextflow cache factory: nextflow.cache.DefaultCacheFactory
Apr-17 19:37:03.604 [main] DEBUG nextflow.util.CustomThreadPool - Creating default thread pool > poolSize: 5; maxThreads: 1000
Apr-17 19:37:03.774 [main] DEBUG nextflow.Session - Session start
Apr-17 19:37:04.320 [main] DEBUG nextflow.script.ScriptRunner - > Launching execution
Apr-17 19:37:04.634 [main] DEBUG nextflow.executor.ExecutorFactory - << taskConfig executor: null
Apr-17 19:37:04.635 [main] DEBUG nextflow.executor.ExecutorFactory - >> processorType: 'local'
Apr-17 19:37:04.651 [main] DEBUG nextflow.executor.Executor - [warm up] executor > local
Apr-17 19:37:04.659 [main] DEBUG n.processor.LocalPollingMonitor - Creating local task monitor for executor 'local' > cpus=4; memory=7.6 GB; capacity=4; pollInterval=100ms; dumpInterval=5m
Apr-17 19:37:04.664 [main] DEBUG n.processor.TaskPollingMonitor - >>> barrier register (monitor: local)
Apr-17 19:37:04.722 [main] DEBUG nextflow.processor.TaskProcessor - Creating process 'DUPLICATION': maxForks=0; fair=false; array=0
Apr-17 19:37:04.791 [main] DEBUG nextflow.Session - Workflow process names [dsl2]: DUPLICATION
Apr-17 19:37:04.796 [main] DEBUG nextflow.Session - Igniting dataflow network (2)
Apr-17 19:37:04.809 [main] DEBUG nextflow.processor.TaskProcessor - Starting process > DUPLICATION
Apr-17 19:37:04.817 [main] DEBUG nextflow.script.ScriptRunner - Parsed script files:
  Script_67d99dda1c8f72f4: /mnt/c/GeneDuplicationAnalysis/modules/duplication.nf
  Script_9d5cd55a0d1ae4b3: /mnt/c/GeneDuplicationAnalysis/main.nf
Apr-17 19:37:04.823 [main] DEBUG nextflow.script.ScriptRunner - > Awaiting termination 
Apr-17 19:37:04.824 [main] DEBUG nextflow.Session - Session await
Apr-17 19:37:05.123 [Task submitter] DEBUG n.executor.local.LocalTaskHandler - Launch cmd line: /bin/bash -ue .command.run
Apr-17 19:37:05.128 [Task submitter] INFO  nextflow.Session - [51/f4f975] Submitted process > DUPLICATION (1)
Apr-17 19:37:05.289 [Task monitor] DEBUG n.processor.TaskPollingMonitor - Task completed > TaskHandler[id: 1; name: DUPLICATION (1); status: COMPLETED; exit: 0; error: -; workDir: /mnt/c/GeneDuplicationAnalysis/work/51/f4f975b9ae09a177f33878d30077cd]
Apr-17 19:37:05.291 [Task monitor] DEBUG nextflow.util.ThreadPoolBuilder - Creating thread pool 'TaskFinalizer' minSize=10; maxSize=12; workQueue=LinkedBlockingQueue[-1]; allowCoreThreadTimeout=false
Apr-17 19:37:05.327 [main] DEBUG nextflow.Session - Session await > all processes finished
Apr-17 19:37:05.386 [Task monitor] DEBUG n.processor.TaskPollingMonitor - <<< barrier arrives (monitor: local) - terminating tasks monitor poll loop
Apr-17 19:37:05.388 [main] DEBUG nextflow.Session - Session await > all barriers passed
Apr-17 19:37:05.392 [main] DEBUG nextflow.util.ThreadPoolManager - Thread pool 'TaskFinalizer' shutdown completed (hard=false)
Apr-17 19:37:05.403 [main] DEBUG n.trace.WorkflowStatsObserver - Workflow completed > WorkflowStats[succeededCount=1; failedCount=0; ignoredCount=0; cachedCount=0; pendingCount=0; submittedCount=0; runningCount=0; retriesCount=0; abortedCount=0; succeedDuration=108ms; failedDuration=0ms; cachedDuration=0ms;loadCpus=0; loadMemory=0; peakRunning=1; peakCpus=1; peakMemory=0; ]
Apr-17 19:37:05.454 [main] DEBUG nextflow.cache.CacheDB - Closing CacheDB done
Apr-17 19:37:05.501 [main] DEBUG nextflow.util.ThreadPoolManager - Thread pool 'FileTransfer' shutdown completed (hard=false)
Apr-17 19:37:05.504 [main] DEBUG nextflow.script.ScriptRunner - > Execution complete -- Goodbye
